<?xml version="1.0" encoding="UTF-8"?>
<testng-results ignored="0" total="1" passed="1" failed="0" skipped="0">
  <reporter-output>
  </reporter-output>
  <suite started-at="2026-02-17T10:37:00 IST" name="CapstoneSuite" finished-at="2026-02-17T10:37:36 IST" duration-ms="35771">
    <groups>
      <group name="cucumber">
        <method signature="AbstractTestNGCucumberTests.runScenario(io.cucumber.testng.PickleWrapper,io.cucumber.testng.FeatureWrapper)[pri:0, instance:runners.TestRunner@5542c4ed]" name="runScenario" class="io.cucumber.testng.AbstractTestNGCucumberTests"/>
      </group> <!-- cucumber -->
    </groups>
    <test started-at="2026-02-17T10:37:00 IST" name="WordPressTest" finished-at="2026-02-17T10:37:36 IST" duration-ms="35771">
      <class name="runners.TestRunner">
        <test-method is-config="true" signature="setUpClass(org.testng.ITestContext)[pri:0, instance:runners.TestRunner@5542c4ed]" started-at="2026-02-17T10:37:00 IST" name="setUpClass" finished-at="2026-02-17T10:37:01 IST" duration-ms="715" status="PASS">
          <params>
            <param index="0">
              <value>
                <![CDATA[org.testng.TestRunner@13741d5a]]>
              </value>
            </param>
          </params>
          <reporter-output>
          </reporter-output>
        </test-method> <!-- setUpClass -->
        <test-method signature="runScenario(io.cucumber.testng.PickleWrapper,io.cucumber.testng.FeatureWrapper)[pri:0, instance:runners.TestRunner@5542c4ed]" started-at="2026-02-17T10:37:01 IST" name="runScenario" description="Runs Cucumber Scenarios" data-provider="scenarios" finished-at="2026-02-17T10:37:36 IST" duration-ms="34919" status="PASS">
          <params>
            <param index="0">
              <value>
                <![CDATA["Verify WordPress functionalities"]]>
              </value>
            </param>
            <param index="1">
              <value>
                <![CDATA["WordPress Capstone Project"]]>
              </value>
            </param>
          </params>
          <reporter-output>
          </reporter-output>
        </test-method> <!-- runScenario -->
        <test-method is-config="true" signature="tearDownClass()[pri:0, instance:runners.TestRunner@5542c4ed]" started-at="2026-02-17T10:37:36 IST" name="tearDownClass" finished-at="2026-02-17T10:37:36 IST" duration-ms="5" status="PASS">
          <reporter-output>
          </reporter-output>
        </test-method> <!-- tearDownClass -->
      </class> <!-- runners.TestRunner -->
    </test> <!-- WordPressTest -->
  </suite> <!-- CapstoneSuite -->
</testng-results>
