<?xml version="1.0" encoding="UTF-8"?>
<testng-results ignored="0" total="1" passed="1" failed="0" skipped="0">
  <reporter-output>
  </reporter-output>
  <suite started-at="2026-02-17T17:09:50 IST" name="CapstoneSuite" finished-at="2026-02-17T17:10:19 IST" duration-ms="29218">
    <groups>
      <group name="cucumber">
        <method signature="AbstractTestNGCucumberTests.runScenario(io.cucumber.testng.PickleWrapper,io.cucumber.testng.FeatureWrapper)[pri:0, instance:runners.TestRunner@5542c4ed]" name="runScenario" class="io.cucumber.testng.AbstractTestNGCucumberTests"/>
      </group> <!-- cucumber -->
    </groups>
    <test started-at="2026-02-17T17:09:50 IST" name="WordPressTest" finished-at="2026-02-17T17:10:19 IST" duration-ms="29218">
      <class name="runners.TestRunner">
        <test-method is-config="true" signature="setUpClass(org.testng.ITestContext)[pri:0, instance:runners.TestRunner@5542c4ed]" started-at="2026-02-17T17:09:50 IST" name="setUpClass" finished-at="2026-02-17T17:09:51 IST" duration-ms="377" status="PASS">
          <params>
            <param index="0">
              <value>
                <![CDATA[org.testng.TestRunner@71cb3139]]>
              </value>
            </param>
          </params>
          <reporter-output>
          </reporter-output>
        </test-method> <!-- setUpClass -->
        <test-method signature="runScenario(io.cucumber.testng.PickleWrapper,io.cucumber.testng.FeatureWrapper)[pri:0, instance:runners.TestRunner@5542c4ed]" started-at="2026-02-17T17:09:51 IST" name="runScenario" description="Runs Cucumber Scenarios" data-provider="scenarios" finished-at="2026-02-17T17:10:19 IST" duration-ms="28763" status="PASS">
          <params>
            <param index="0">
              <value>
                <![CDATA["Verify WordPress functionalities"]]>
              </value>
            </param>
            <param index="1">
              <value>
                <![CDATA["WordPress Capstone Project"]]>
              </value>
            </param>
          </params>
          <reporter-output>
          </reporter-output>
        </test-method> <!-- runScenario -->
        <test-method is-config="true" signature="tearDownClass()[pri:0, instance:runners.TestRunner@5542c4ed]" started-at="2026-02-17T17:10:19 IST" name="tearDownClass" finished-at="2026-02-17T17:10:19 IST" duration-ms="4" status="PASS">
          <reporter-output>
          </reporter-output>
        </test-method> <!-- tearDownClass -->
      </class> <!-- runners.TestRunner -->
    </test> <!-- WordPressTest -->
  </suite> <!-- CapstoneSuite -->
</testng-results>
